\BOOKMARK [1][-]{section.0.1}{Introduction}{}% 1
\BOOKMARK [1][-]{section.0.2}{Environnement Professionnel }{}% 2
\BOOKMARK [2][-]{subsection.0.2.1}{Histoire de Secuserve}{section.0.2}% 3
\BOOKMARK [2][-]{subsection.0.2.2}{Organisation de l'entreprise}{section.0.2}% 4
\BOOKMARK [2][-]{subsection.0.2.3}{Organigramme Secuserve}{section.0.2}% 5
\BOOKMARK [2][-]{subsection.0.2.4}{L\220offre Secuserve}{section.0.2}% 6
\BOOKMARK [3][-]{subsubsection.0.2.4.1}{E-securemail}{subsection.0.2.4}% 7
\BOOKMARK [3][-]{subsubsection.0.2.4.2}{Optimails:}{subsection.0.2.4}% 8
\BOOKMARK [3][-]{subsubsection.0.2.4.3}{Sharecan:}{subsection.0.2.4}% 9
\BOOKMARK [2][-]{subsection.0.2.5}{concurrence:}{section.0.2}% 10
\BOOKMARK [1][-]{section.0.3}{Missions}{}% 11
\BOOKMARK [2][-]{subsection.0.3.1}{Missions r\351alis\351es}{section.0.3}% 12
\BOOKMARK [3][-]{subsubsection.0.3.1.1}{Mise en place de l'environnent de travail}{subsection.0.3.1}% 13
\BOOKMARK [3][-]{subsubsection.0.3.1.2}{D\351finition de permissions sur la console d'administration en fonction du profil des utilisateurs.}{subsection.0.3.1}% 14
\BOOKMARK [4][-]{paragraph.0.3.1.2.1}{Gestion des droits}{subsubsection.0.3.1.2}% 15
\BOOKMARK [4][-]{paragraph.0.3.1.2.2}{Autorisations}{subsubsection.0.3.1.2}% 16
\BOOKMARK [2][-]{subsection.0.3.2}{Missions \340 r\351alis\351es}{section.0.3}% 17
\BOOKMARK [2][-]{subsection.0.3.3}{Autres Missions}{section.0.3}% 18
\BOOKMARK [1][-]{section.0.4}{Retour sur l'exp\351rience}{}% 19
\BOOKMARK [2][-]{subsection.0.4.1}{Comp\351tences acquises}{section.0.4}% 20
\BOOKMARK [2][-]{subsection.0.4.2}{M\351thodes de travail}{section.0.4}% 21
\BOOKMARK [1][-]{section.0.5}{Conclusion}{}% 22
\BOOKMARK [1][-]{section.0.6}{Annexe1}{}% 23
\BOOKMARK [1][-]{section.0.7}{Annexe2}{}% 24
\BOOKMARK [1][-]{section.0.8}{Annexe 3}{}% 25
\BOOKMARK [1][-]{section.0.9}{Annexe 4}{}% 26
\BOOKMARK [1][-]{section.0.10}{Annexe 5}{}% 27
